2026-07-01 14:09:01,101 [INFO] ============================================================
2026-07-01 14:09:01,103 [INFO] Heart Failure ETL Pipeline — Start
2026-07-01 14:09:01,105 [INFO] ============================================================
2026-07-01 14:09:01,107 [INFO] Extracting clinical data from heart_failure_clinical_records_dataset (1).csv
2026-07-01 14:09:01,218 [INFO] Extracted 299 rows, 13 columns
2026-07-01 14:09:01,221 [INFO] Columns: ['age', 'anaemia', 'creatinine_phosphokinase', 'diabetes', 'ejection_fraction', 'high_blood_pressure', 'platelets', 'serum_creatinine', 'serum_sodium', 'sex', 'smoking', 'time', 'DEATH_EVENT']
2026-07-01 14:09:01,224 [INFO] Extracting diagnostic data from heart.csv
2026-07-01 14:09:01,254 [INFO] Extracted 918 rows, 12 columns
2026-07-01 14:09:01,256 [INFO] Columns: ['Age', 'Sex', 'ChestPainType', 'RestingBP', 'Cholesterol', 'FastingBS', 'RestingECG', 'MaxHR', 'ExerciseAngina', 'Oldpeak', 'ST_Slope', 'HeartDisease']
2026-07-01 14:09:01,259 [INFO] Transforming clinical dataset
2026-07-01 14:09:01,341 [INFO] Clinical transform complete: 299 → 299 rows
2026-07-01 14:09:01,343 [INFO] Transforming diagnostic dataset
2026-07-01 14:09:01,354 [WARNING] 172 rows have cholesterol = 0 (likely missing) — keeping but flagging
2026-07-01 14:09:01,358 [WARNING] Removing 1 rows with resting_bp = 0
2026-07-01 14:09:01,367 [INFO] Diagnostic transform complete: 918 → 917 rows
2026-07-01 14:09:01,369 [INFO] Loading clinical data into raw.patients_clinical
2026-07-01 14:09:02,380 [INFO] Truncated raw.patients_clinical
2026-07-01 14:09:02,488 [INFO] Loaded 299 records into raw.patients_clinical
2026-07-01 14:09:02,494 [INFO] Loading diagnostic data into raw.patients_diagnostic
2026-07-01 14:09:02,545 [INFO] Truncated raw.patients_diagnostic
2026-07-01 14:09:02,749 [INFO] Loaded 917 records into raw.patients_diagnostic
2026-07-01 14:09:02,752 [INFO] Validating loaded data
2026-07-01 14:09:02,803 [INFO] raw.patients_clinical: 299 rows
2026-07-01 14:09:02,812 [INFO]   Age range: 40 - 95, avg: 60.83
2026-07-01 14:09:02,813 [INFO]   Death event distribution: {0: 203, 1: 96}
2026-07-01 14:09:02,813 [INFO] raw.patients_diagnostic: 917 rows
2026-07-01 14:09:02,814 [INFO]   Age range: 28 - 77, avg: 53.51
2026-07-01 14:09:02,816 [INFO]   Heart disease distribution: {0: 410, 1: 507}
2026-07-01 14:09:02,817 [INFO] ============================================================
2026-07-01 14:09:02,818 [INFO] ETL Pipeline Complete
2026-07-01 14:09:02,820 [INFO]   patients_clinical:   299 rows loaded
2026-07-01 14:09:02,820 [INFO]   patients_diagnostic: 917 rows loaded
2026-07-01 14:09:02,821 [INFO] ============================================================
